2020-10-13 16:28:58.334 logback [restartedMain] DEBUG o.s.b.c.l.ClasspathLoggingApplicationListener - Application started with classpath: [file:/D:/mywork/code2/boot-zf/target/classes/]
2020-10-13 16:28:58.487 logback [restartedMain] INFO  com.fz.zf.BootZfApplication - Starting BootZfApplication on DESKTOP-M36Q0LI with PID 19876 (D:\mywork\code2\boot-zf\target\classes started by zf01 in D:\mywork\code2\boot-zf)
2020-10-13 16:28:58.487 logback [restartedMain] INFO  com.fz.zf.BootZfApplication - The following profiles are active: dev
2020-10-13 16:28:58.488 logback [restartedMain] DEBUG o.s.boot.SpringApplication - Loading source class com.fz.zf.BootZfApplication
2020-10-13 16:28:58.567 logback [restartedMain] DEBUG o.s.b.c.c.ConfigFileApplicationListener - Activated activeProfiles dev
2020-10-13 16:28:58.567 logback [restartedMain] DEBUG o.s.b.c.c.ConfigFileApplicationListener - Loaded config file 'file:/D:/mywork/code2/boot-zf/target/classes/application.properties' (classpath:/application.properties)
2020-10-13 16:28:58.567 logback [restartedMain] DEBUG o.s.b.c.c.ConfigFileApplicationListener - Loaded config file 'file:/D:/mywork/code2/boot-zf/target/classes/application-dev.properties' (classpath:/application-dev.properties) for profile dev
2020-10-13 16:28:58.568 logback [restartedMain] INFO  o.s.b.w.s.c.AnnotationConfigServletWebServerApplicationContext - Refreshing org.springframework.boot.web.servlet.context.AnnotationConfigServletWebServerApplicationContext@3dc1de1f: startup date [Tue Oct 13 16:28:58 CST 2020]; root of context hierarchy
2020-10-13 16:28:58.571 logback [restartedMain] DEBUG o.s.b.w.s.c.AnnotationConfigServletWebServerApplicationContext - Bean factory for org.springframework.boot.web.servlet.context.AnnotationConfigServletWebServerApplicationContext@3dc1de1f: org.springframework.beans.factory.support.DefaultListableBeanFactory@7e752076: defining beans [org.springframework.context.annotation.internalConfigurationAnnotationProcessor,org.springframework.context.annotation.internalAutowiredAnnotationProcessor,org.springframework.context.annotation.internalRequiredAnnotationProcessor,org.springframework.context.annotation.internalCommonAnnotationProcessor,org.springframework.context.event.internalEventListenerProcessor,org.springframework.context.event.internalEventListenerFactory,bootZfApplication]; root of factory hierarchy
2020-10-13 16:29:01.295 logback [restartedMain] DEBUG org.apache.ibatis.logging.LogFactory - Logging initialized using 'class org.apache.ibatis.logging.slf4j.Slf4jImpl' adapter.
2020-10-13 16:29:01.796 logback [restartedMain] WARN  o.s.c.a.ConfigurationClassEnhancer - @Bean method BeanConfig.springUtils is non-static and returns an object assignable to Spring's BeanFactoryPostProcessor interface. This will result in a failure to process annotations such as @Autowired, @Resource and @PostConstruct within the method's declaring @Configuration class. Add the 'static' modifier to this method to avoid these container lifecycle issues; see @Bean javadoc for complete details.
2020-10-13 16:29:01.814 logback [restartedMain] INFO  o.s.b.f.a.AutowiredAnnotationBeanPostProcessor - JSR-330 'javax.inject.Inject' annotation found and supported for autowiring
2020-10-13 16:29:01.863 logback [restartedMain] INFO  o.s.c.s.PostProcessorRegistrationDelegate$BeanPostProcessorChecker - Bean 'org.springframework.amqp.rabbit.annotation.RabbitBootstrapConfiguration' of type [org.springframework.amqp.rabbit.annotation.RabbitBootstrapConfiguration$$EnhancerBySpringCGLIB$$f9987489] is not eligible for getting processed by all BeanPostProcessors (for example: not eligible for auto-proxying)
2020-10-13 16:29:01.915 logback [restartedMain] INFO  o.s.c.s.PostProcessorRegistrationDelegate$BeanPostProcessorChecker - Bean 'org.springframework.transaction.annotation.ProxyTransactionManagementConfiguration' of type [org.springframework.transaction.annotation.ProxyTransactionManagementConfiguration$$EnhancerBySpringCGLIB$$332cb65b] is not eligible for getting processed by all BeanPostProcessors (for example: not eligible for auto-proxying)
2020-10-13 16:29:01.949 logback [restartedMain] DEBUG o.s.b.w.s.c.AnnotationConfigServletWebServerApplicationContext - Unable to locate MessageSource with name 'messageSource': using default [org.springframework.context.support.DelegatingMessageSource@f32dfee]
2020-10-13 16:29:01.950 logback [restartedMain] DEBUG o.s.b.w.s.c.AnnotationConfigServletWebServerApplicationContext - Unable to locate ApplicationEventMulticaster with name 'applicationEventMulticaster': using default [org.springframework.context.event.SimpleApplicationEventMulticaster@78af1166]
2020-10-13 16:29:02.405 logback [restartedMain] DEBUG o.s.b.w.e.t.TomcatServletWebServerFactory - Code archive: D:\repository\org\springframework\boot\spring-boot\2.0.9.RELEASE\spring-boot-2.0.9.RELEASE.jar
2020-10-13 16:29:02.406 logback [restartedMain] DEBUG o.s.b.w.e.t.TomcatServletWebServerFactory - Code archive: D:\repository\org\springframework\boot\spring-boot\2.0.9.RELEASE\spring-boot-2.0.9.RELEASE.jar
2020-10-13 16:29:02.406 logback [restartedMain] DEBUG o.s.b.w.e.t.TomcatServletWebServerFactory - None of the document roots [src/main/webapp, public, static] point to a directory and will be ignored.
2020-10-13 16:29:02.560 logback [restartedMain] INFO  o.s.b.w.e.tomcat.TomcatWebServer - Tomcat initialized with port(s): 9999 (http)
2020-10-13 16:29:02.578 logback [restartedMain] INFO  o.a.coyote.http11.Http11NioProtocol - Initializing ProtocolHandler ["http-nio-9999"]
2020-10-13 16:29:02.590 logback [restartedMain] INFO  o.a.catalina.core.StandardService - Starting service [Tomcat]
2020-10-13 16:29:02.590 logback [restartedMain] INFO  o.a.catalina.core.StandardEngine - Starting Servlet Engine: Apache Tomcat/8.5.39
2020-10-13 16:29:02.594 logback [localhost-startStop-1] INFO  o.a.c.core.AprLifecycleListener - Loaded APR based Apache Tomcat Native library [1.2.21] using APR version [1.6.5].
2020-10-13 16:29:02.594 logback [localhost-startStop-1] INFO  o.a.c.core.AprLifecycleListener - APR capabilities: IPv6 [true], sendfile [true], accept filters [false], random [true].
2020-10-13 16:29:02.594 logback [localhost-startStop-1] INFO  o.a.c.core.AprLifecycleListener - APR/OpenSSL configuration: useAprConnector [false], useOpenSSL [true]
2020-10-13 16:29:02.597 logback [localhost-startStop-1] INFO  o.a.c.core.AprLifecycleListener - OpenSSL successfully initialized [OpenSSL 1.1.1a  20 Nov 2018]
2020-10-13 16:29:02.717 logback [localhost-startStop-1] INFO  o.a.c.c.C.[Tomcat].[localhost].[/] - Initializing Spring embedded WebApplicationContext
2020-10-13 16:29:02.717 logback [localhost-startStop-1] INFO  o.s.web.context.ContextLoader - Root WebApplicationContext: initialization completed in 4149 ms
2020-10-13 16:29:02.720 logback [localhost-startStop-1] DEBUG o.s.b.w.s.ServletContextInitializerBeans - Added existing Servlet initializer bean 'dispatcherServletRegistration'; order=2147483647, resource=class path resource [org/springframework/boot/autoconfigure/web/servlet/DispatcherServletAutoConfiguration$DispatcherServletRegistrationConfiguration.class]
2020-10-13 16:29:02.787 logback [localhost-startStop-1] DEBUG o.s.b.w.s.ServletContextInitializerBeans - Created Filter initializer for bean 'characterEncodingFilter'; order=-2147483648, resource=class path resource [org/springframework/boot/autoconfigure/web/servlet/HttpEncodingAutoConfiguration.class]
2020-10-13 16:29:02.787 logback [localhost-startStop-1] DEBUG o.s.b.w.s.ServletContextInitializerBeans - Created Filter initializer for bean 'hiddenHttpMethodFilter'; order=-10000, resource=class path resource [org/springframework/boot/autoconfigure/web/servlet/WebMvcAutoConfiguration.class]
2020-10-13 16:29:02.787 logback [localhost-startStop-1] DEBUG o.s.b.w.s.ServletContextInitializerBeans - Created Filter initializer for bean 'httpPutFormContentFilter'; order=-9900, resource=class path resource [org/springframework/boot/autoconfigure/web/servlet/WebMvcAutoConfiguration.class]
2020-10-13 16:29:02.787 logback [localhost-startStop-1] DEBUG o.s.b.w.s.ServletContextInitializerBeans - Created Filter initializer for bean 'requestContextFilter'; order=-105, resource=class path resource [org/springframework/boot/autoconfigure/web/servlet/WebMvcAutoConfiguration$WebMvcAutoConfigurationAdapter.class]
2020-10-13 16:29:02.787 logback [localhost-startStop-1] DEBUG o.s.b.w.s.ServletContextInitializerBeans - Created Filter initializer for bean 'securityBasicAuthFilter'; order=2147483647, resource=class path resource [com/github/xiaoymin/knife4j/spring/configuration/Knife4jAutoConfiguration.class]
2020-10-13 16:29:02.787 logback [localhost-startStop-1] DEBUG o.s.b.w.s.ServletContextInitializerBeans - Created Filter initializer for bean 'productionSecurityFilter'; order=2147483647, resource=class path resource [com/github/xiaoymin/knife4j/spring/configuration/Knife4jAutoConfiguration.class]
2020-10-13 16:29:02.802 logback [localhost-startStop-1] INFO  o.s.b.w.s.ServletRegistrationBean - Servlet dispatcherServlet mapped to [/]
2020-10-13 16:29:02.807 logback [localhost-startStop-1] INFO  o.s.b.w.s.FilterRegistrationBean - Mapping filter: 'characterEncodingFilter' to: [/*]
2020-10-13 16:29:02.807 logback [localhost-startStop-1] INFO  o.s.b.w.s.FilterRegistrationBean - Mapping filter: 'hiddenHttpMethodFilter' to: [/*]
2020-10-13 16:29:02.807 logback [localhost-startStop-1] INFO  o.s.b.w.s.FilterRegistrationBean - Mapping filter: 'httpPutFormContentFilter' to: [/*]
2020-10-13 16:29:02.807 logback [localhost-startStop-1] INFO  o.s.b.w.s.FilterRegistrationBean - Mapping filter: 'requestContextFilter' to: [/*]
2020-10-13 16:29:02.807 logback [localhost-startStop-1] INFO  o.s.b.w.s.FilterRegistrationBean - Mapping filter: 'securityBasicAuthFilter' to: [/*]
2020-10-13 16:29:02.807 logback [localhost-startStop-1] INFO  o.s.b.w.s.FilterRegistrationBean - Mapping filter: 'productionSecurityFilter' to: [/*]
2020-10-13 16:29:02.834 logback [localhost-startStop-1] DEBUG o.s.b.w.s.f.OrderedRequestContextFilter - Initializing filter 'requestContextFilter'
2020-10-13 16:29:02.850 logback [localhost-startStop-1] DEBUG o.s.b.w.s.f.OrderedRequestContextFilter - Filter 'requestContextFilter' configured successfully
2020-10-13 16:29:02.851 logback [localhost-startStop-1] DEBUG o.s.b.w.s.f.OrderedHttpPutFormContentFilter - Initializing filter 'httpPutFormContentFilter'
2020-10-13 16:29:02.851 logback [localhost-startStop-1] DEBUG o.s.b.w.s.f.OrderedHttpPutFormContentFilter - Filter 'httpPutFormContentFilter' configured successfully
2020-10-13 16:29:02.851 logback [localhost-startStop-1] DEBUG o.s.b.w.s.f.OrderedHiddenHttpMethodFilter - Initializing filter 'hiddenHttpMethodFilter'
2020-10-13 16:29:02.851 logback [localhost-startStop-1] DEBUG o.s.b.w.s.f.OrderedHiddenHttpMethodFilter - Filter 'hiddenHttpMethodFilter' configured successfully
2020-10-13 16:29:02.851 logback [localhost-startStop-1] DEBUG o.s.b.w.s.f.OrderedCharacterEncodingFilter - Initializing filter 'characterEncodingFilter'
2020-10-13 16:29:02.851 logback [localhost-startStop-1] DEBUG o.s.b.w.s.f.OrderedCharacterEncodingFilter - Filter 'characterEncodingFilter' configured successfully
2020-10-13 16:29:03.495 logback [restartedMain] INFO  com.zaxxer.hikari.HikariDataSource - HikariPool-1 - Starting...
2020-10-13 16:29:03.496 logback [restartedMain] WARN  c.z.hikari.util.DriverDataSource - Registered driver with driverClassName=com.mysql.jdbc.Driver was not found, trying direct instantiation.
2020-10-13 16:29:03.939 logback [restartedMain] INFO  com.zaxxer.hikari.HikariDataSource - HikariPool-1 - Start completed.
2020-10-13 16:29:05.403 logback [restartedMain] INFO  o.s.w.s.m.m.a.RequestMappingHandlerMapping - Mapped "{[/user/register]}" onto public com.fz.zf.util.ApiResult com.fz.zf.android.ALoginController.register(com.fz.zf.model.User)
2020-10-13 16:29:05.403 logback [restartedMain] INFO  o.s.w.s.m.m.a.RequestMappingHandlerMapping - Mapped "{[/user/login]}" onto public com.fz.zf.util.ApiResult com.fz.zf.android.ALoginController.login(com.fz.zf.model.User)
2020-10-13 16:29:05.405 logback [restartedMain] INFO  o.s.w.s.m.m.a.RequestMappingHandlerMapping - Mapped "{[/app/user/login],methods=[POST]}" onto public com.ex.framework.web.ApiResult com.fz.zf.web.app.AppLoginController.login(java.lang.String,java.lang.String)
2020-10-13 16:29:05.406 logback [restartedMain] INFO  o.s.w.s.m.m.a.RequestMappingHandlerMapping - Mapped "{[/app/user/getOpenid],methods=[POST]}" onto public com.ex.framework.web.ApiResult com.fz.zf.web.app.AppLoginController.getOpenid(java.lang.String,java.lang.String,java.lang.String,javax.servlet.http.HttpServletRequest)
2020-10-13 16:29:05.406 logback [restartedMain] INFO  o.s.w.s.m.m.a.RequestMappingHandlerMapping - Mapped "{[/app/user/loginByStorage],methods=[POST]}" onto public com.ex.framework.web.ApiResult com.fz.zf.web.app.AppLoginController.loginByStorage(com.fz.zf.model.SysAdmin)
2020-10-13 16:29:05.406 logback [restartedMain] INFO  o.s.w.s.m.m.a.RequestMappingHandlerMapping - Mapped "{[/app/user/appOtherLogin],methods=[POST]}" onto public com.ex.framework.web.ApiResult com.fz.zf.web.app.AppLoginController.appOtherLogin(java.lang.String,java.lang.String,java.lang.String,javax.servlet.http.HttpServletRequest)
2020-10-13 16:29:05.406 logback [restartedMain] INFO  o.s.w.s.m.m.a.RequestMappingHandlerMapping - Mapped "{[/app/user/editUser],methods=[POST]}" onto public com.ex.framework.web.ApiResult com.fz.zf.web.app.AppLoginController.editUser(com.fz.zf.model.SysAdmin)
2020-10-13 16:29:05.407 logback [restartedMain] INFO  o.s.w.s.m.m.a.RequestMappingHandlerMapping - Mapped "{[/app/movie/movie],methods=[POST]}" onto public com.ex.framework.web.ApiResult com.fz.zf.web.app.MovieController.getMovies()
2020-10-13 16:29:05.407 logback [restartedMain] INFO  o.s.w.s.m.m.a.RequestMappingHandlerMapping - Mapped "{[/app/movie/page_movie],methods=[POST]}" onto public com.ex.framework.web.ApiResult com.fz.zf.web.app.MovieController.page_movie(java.lang.Integer,java.lang.Integer,java.lang.String)
2020-10-13 16:29:05.408 logback [restartedMain] INFO  o.s.w.s.m.m.a.RequestMappingHandlerMapping - Mapped "{[/upload/showImageByPath]}" onto public org.springframework.http.ResponseEntity<java.lang.Object> com.fz.zf.web.common.UploadController.showImageByPath(java.lang.String)
2020-10-13 16:29:05.409 logback [restartedMain] INFO  o.s.w.s.m.m.a.RequestMappingHandlerMapping - Mapped "{[/upload/common]}" onto public com.ex.framework.web.ApiResult com.fz.zf.web.common.UploadController.upload(java.lang.String,java.lang.String,java.lang.String,org.springframework.web.multipart.MultipartFile,javax.servlet.http.HttpServletRequest,javax.servlet.http.HttpServletResponse)
2020-10-13 16:29:05.409 logback [restartedMain] INFO  o.s.w.s.m.m.a.RequestMappingHandlerMapping - Mapped "{[/upload/uploadFace]}" onto public com.ex.framework.web.ApiResult com.fz.zf.web.common.UploadController.uploadFace(java.lang.String,java.lang.String,java.lang.String,java.lang.String,org.springframework.web.multipart.MultipartFile,javax.servlet.http.HttpServletRequest,javax.servlet.http.HttpServletResponse)
2020-10-13 16:29:05.409 logback [restartedMain] INFO  o.s.w.s.m.m.a.RequestMappingHandlerMapping - Mapped "{[/home/welcome],methods=[GET]}" onto public java.lang.String com.fz.zf.web.system.HomeController.welcome(javax.servlet.http.HttpServletRequest,org.springframework.ui.ModelMap)
2020-10-13 16:29:05.410 logback [restartedMain] INFO  o.s.w.s.m.m.a.RequestMappingHandlerMapping - Mapped "{[/login],methods=[POST]}" onto public java.lang.Object com.fz.zf.web.system.LoginController.login(java.lang.String,java.lang.String,java.lang.String,javax.servlet.http.HttpServletRequest)
2020-10-13 16:29:05.410 logback [restartedMain] INFO  o.s.w.s.m.m.a.RequestMappingHandlerMapping - Mapped "{[/login],methods=[GET]}" onto public java.lang.String com.fz.zf.web.system.LoginController.login()
2020-10-13 16:29:05.410 logback [restartedMain] INFO  o.s.w.s.m.m.a.RequestMappingHandlerMapping - Mapped "{[/login/captcha]}" onto public void com.fz.zf.web.system.LoginController.captcha(javax.servlet.http.HttpServletRequest,javax.servlet.http.HttpServletResponse)
2020-10-13 16:29:05.411 logback [restartedMain] INFO  o.s.w.s.m.m.a.RequestMappingHandlerMapping - Mapped "{[/],methods=[GET]}" onto public java.lang.String com.fz.zf.web.system.MainController.index(javax.servlet.http.HttpServletRequest,javax.servlet.http.HttpServletResponse,org.springframework.ui.ModelMap)
2020-10-13 16:29:05.411 logback [restartedMain] INFO  o.s.w.s.m.m.a.RequestMappingHandlerMapping - Mapped "{[/tpl/userinfo]}" onto public java.lang.String com.fz.zf.web.system.MainController.userinfo(org.springframework.ui.ModelMap)
2020-10-13 16:29:05.411 logback [restartedMain] INFO  o.s.w.s.m.m.a.RequestMappingHandlerMapping - Mapped "{[/tpl/password]}" onto public java.lang.String com.fz.zf.web.system.MainController.password(org.springframework.ui.ModelMap)
2020-10-13 16:29:05.411 logback [restartedMain] INFO  o.s.w.s.m.m.a.RequestMappingHandlerMapping - Mapped "{[/tpl/theme]}" onto public java.lang.String com.fz.zf.web.system.MainController.theme()
2020-10-13 16:29:05.411 logback [restartedMain] INFO  o.s.w.s.m.m.a.RequestMappingHandlerMapping - Mapped "{[/logout],methods=[GET]}" onto public java.lang.String com.fz.zf.web.system.MainController.logout(javax.servlet.http.HttpServletRequest)
2020-10-13 16:29:05.412 logback [restartedMain] INFO  o.s.w.s.m.m.a.RequestMappingHandlerMapping - Mapped "{[/system/menu],methods=[GET]}" onto public java.lang.String com.fz.zf.web.system.MenuController.index(org.springframework.ui.ModelMap)
2020-10-13 16:29:05.412 logback [restartedMain] INFO  o.s.w.s.m.m.a.RequestMappingHandlerMapping - Mapped "{[/system/menu/add],methods=[GET]}" onto public java.lang.String com.fz.zf.web.system.MenuController.add(org.springframework.ui.ModelMap)
2020-10-13 16:29:05.412 logback [restartedMain] INFO  o.s.w.s.m.m.a.RequestMappingHandlerMapping - Mapped "{[/system/menu/update],methods=[POST]}" onto public java.lang.Object com.fz.zf.web.system.MenuController.update(com.fz.zf.model.SysMenu)
2020-10-13 16:29:05.413 logback [restartedMain] INFO  o.s.w.s.m.m.a.RequestMappingHandlerMapping - Mapped "{[/system/menu/delete],methods=[GET]}" onto public java.lang.Object com.fz.zf.web.system.MenuController.delete(java.lang.String)
2020-10-13 16:29:05.413 logback [restartedMain] INFO  o.s.w.s.m.m.a.RequestMappingHandlerMapping - Mapped "{[/system/menu/create],methods=[POST]}" onto public java.lang.Object com.fz.zf.web.system.MenuController.create(com.fz.zf.model.SysMenu)
2020-10-13 16:29:05.413 logback [restartedMain] INFO  o.s.w.s.m.m.a.RequestMappingHandlerMapping - Mapped "{[/system/menu/list]}" onto public java.lang.Object com.fz.zf.web.system.MenuController.list()
2020-10-13 16:29:05.413 logback [restartedMain] INFO  o.s.w.s.m.m.a.RequestMappingHandlerMapping - Mapped "{[/system/menu/menuTree],methods=[GET]}" onto public java.util.List<com.ex.framework.data.Record> com.fz.zf.web.system.MenuController.parentMenuTree()
2020-10-13 16:29:05.413 logback [restartedMain] INFO  o.s.w.s.m.m.a.RequestMappingHandlerMapping - Mapped "{[/system/menu/edit],methods=[GET]}" onto public java.lang.String com.fz.zf.web.system.MenuController.edit(java.lang.String,org.springframework.ui.ModelMap)
2020-10-13 16:29:05.416 logback [restartedMain] INFO  o.s.w.s.m.m.a.RequestMappingHandlerMapping - Mapped "{[/system/user],methods=[GET]}" onto public java.lang.String com.fz.zf.web.system.SysAdminController.index(org.springframework.ui.ModelMap)
2020-10-13 16:29:05.416 logback [restartedMain] INFO  o.s.w.s.m.m.a.RequestMappingHandlerMapping - Mapped "{[/system/user/update],methods=[POST]}" onto public java.lang.Object com.fz.zf.web.system.SysAdminController.update(com.fz.zf.model.SysAdmin)
2020-10-13 16:29:05.416 logback [restartedMain] INFO  o.s.w.s.m.m.a.RequestMappingHandlerMapping - Mapped "{[/system/user/delete],methods=[POST]}" onto public java.lang.Object com.fz.zf.web.system.SysAdminController.delete(java.lang.String)
2020-10-13 16:29:05.416 logback [restartedMain] INFO  o.s.w.s.m.m.a.RequestMappingHandlerMapping - Mapped "{[/system/user/create],methods=[POST]}" onto public java.lang.Object com.fz.zf.web.system.SysAdminController.create(com.fz.zf.model.SysAdmin)
2020-10-13 16:29:05.417 logback [restartedMain] INFO  o.s.w.s.m.m.a.RequestMappingHandlerMapping - Mapped "{[/system/user/list],methods=[POST]}" onto public java.lang.Object com.fz.zf.web.system.SysAdminController.list(com.ex.framework.data.Record)
2020-10-13 16:29:05.417 logback [restartedMain] INFO  o.s.w.s.m.m.a.RequestMappingHandlerMapping - Mapped "{[/system/user/edit],methods=[GET]}" onto public java.lang.String com.fz.zf.web.system.SysAdminController.updateForm(java.lang.String,org.springframework.ui.ModelMap)
2020-10-13 16:29:05.417 logback [restartedMain] INFO  o.s.w.s.m.m.a.RequestMappingHandlerMapping - Mapped "{[/system/user/test]}" onto public java.lang.String com.fz.zf.web.system.SysAdminController.test()
2020-10-13 16:29:05.417 logback [restartedMain] INFO  o.s.w.s.m.m.a.RequestMappingHandlerMapping - Mapped "{[/system/user/role],methods=[GET]}" onto public java.lang.String com.fz.zf.web.system.SysAdminController.role(java.lang.String,org.springframework.ui.ModelMap)
2020-10-13 16:29:05.417 logback [restartedMain] INFO  o.s.w.s.m.m.a.RequestMappingHandlerMapping - Mapped "{[/system/user/createHasRoleIds],methods=[GET]}" onto public java.lang.Object com.fz.zf.web.system.SysAdminController.createHasRoleIds(java.lang.String,java.lang.String)
2020-10-13 16:29:05.417 logback [restartedMain] INFO  o.s.w.s.m.m.a.RequestMappingHandlerMapping - Mapped "{[/system/user/updateUserInfo],methods=[POST]}" onto public java.lang.Object com.fz.zf.web.system.SysAdminController.updateUserInfo(com.ex.framework.data.Record)
2020-10-13 16:29:05.417 logback [restartedMain] INFO  o.s.w.s.m.m.a.RequestMappingHandlerMapping - Mapped "{[/system/user/updatePwd],methods=[POST]}" onto public java.lang.Object com.fz.zf.web.system.SysAdminController.updatePwd(com.ex.framework.data.Record)
2020-10-13 16:29:05.417 logback [restartedMain] INFO  o.s.w.s.m.m.a.RequestMappingHandlerMapping - Mapped "{[/system/user/realInExcel]}" onto public com.ex.framework.web.ApiResult com.fz.zf.web.system.SysAdminController.realInExcel(org.springframework.web.multipart.MultipartFile)
2020-10-13 16:29:05.417 logback [restartedMain] INFO  o.s.w.s.m.m.a.RequestMappingHandlerMapping - Mapped "{[/system/user/initDownLoadExcel],methods=[GET]}" onto public com.ex.framework.web.ApiResult com.fz.zf.web.system.SysAdminController.initDownLoadExcel(org.springframework.ui.ModelMap)
2020-10-13 16:29:05.418 logback [restartedMain] INFO  o.s.w.s.m.m.a.RequestMappingHandlerMapping - Mapped "{[/system/user/findUserNameByTel]}" onto public java.lang.Object com.fz.zf.web.system.SysAdminController.findUserNameByTel(java.lang.String)
2020-10-13 16:29:05.418 logback [restartedMain] INFO  o.s.w.s.m.m.a.RequestMappingHandlerMapping - Mapped "{[/system/user/downloadExcelResult]}" onto public java.lang.String com.fz.zf.web.system.SysAdminController.downloadExcelResult(java.lang.String,org.springframework.ui.ModelMap)
2020-10-13 16:29:05.418 logback [restartedMain] INFO  o.s.w.s.m.m.a.RequestMappingHandlerMapping - Mapped "{[/system/user/excel]}" onto public java.lang.Object com.fz.zf.web.system.SysAdminController.excel(java.lang.String)
2020-10-13 16:29:05.418 logback [restartedMain] INFO  o.s.w.s.m.m.a.RequestMappingHandlerMapping - Mapped "{[/system/user/addLine],methods=[POST]}" onto public java.lang.Object com.fz.zf.web.system.SysAdminController.addLine(com.ex.framework.data.Record)
2020-10-13 16:29:05.418 logback [restartedMain] INFO  o.s.w.s.m.m.a.RequestMappingHandlerMapping - Mapped "{[/system/user/listUsers]}" onto public java.util.List<com.fz.zf.model.SysAdmin> com.fz.zf.web.system.SysAdminController.listUsers()
2020-10-13 16:29:05.419 logback [restartedMain] INFO  o.s.w.s.m.m.a.RequestMappingHandlerMapping - Mapped "{[/system/user/listUsers2]}" onto public com.fz.zf.util.DemoResults com.fz.zf.web.system.SysAdminController.listUsers2()
2020-10-13 16:29:05.419 logback [restartedMain] INFO  o.s.w.s.m.m.a.RequestMappingHandlerMapping - Mapped "{[/system/user/inExcel]}" onto public java.lang.String com.fz.zf.web.system.SysAdminController.inExcel(org.springframework.ui.ModelMap)
2020-10-13 16:29:05.419 logback [restartedMain] INFO  o.s.w.s.m.m.a.RequestMappingHandlerMapping - Mapped "{[/system/user/listUser]}" onto public java.lang.Object com.fz.zf.web.system.SysAdminController.listUser(java.lang.String)
2020-10-13 16:29:05.419 logback [restartedMain] INFO  o.s.w.s.m.m.a.RequestMappingHandlerMapping - Mapped "{[/system/user/add],methods=[GET]}" onto public java.lang.String com.fz.zf.web.system.SysAdminController.createForm(org.springframework.ui.ModelMap)
2020-10-13 16:29:05.421 logback [restartedMain] INFO  o.s.w.s.m.m.a.RequestMappingHandlerMapping - Mapped "{[/system/dict],methods=[GET]}" onto public java.lang.String com.fz.zf.web.system.SysDictController.index(org.springframework.ui.ModelMap)
2020-10-13 16:29:05.421 logback [restartedMain] INFO  o.s.w.s.m.m.a.RequestMappingHandlerMapping - Mapped "{[/system/dict/update],methods=[POST]}" onto public java.lang.Object com.fz.zf.web.system.SysDictController.update(com.fz.zf.model.SysDict)
2020-10-13 16:29:05.421 logback [restartedMain] INFO  o.s.w.s.m.m.a.RequestMappingHandlerMapping - Mapped "{[/system/dict/delete],methods=[POST]}" onto public java.lang.Object com.fz.zf.web.system.SysDictController.delete(java.lang.String)
2020-10-13 16:29:05.421 logback [restartedMain] INFO  o.s.w.s.m.m.a.RequestMappingHandlerMapping - Mapped "{[/system/dict/create],methods=[POST]}" onto public java.lang.Object com.fz.zf.web.system.SysDictController.create(com.fz.zf.model.SysDict)
2020-10-13 16:29:05.421 logback [restartedMain] INFO  o.s.w.s.m.m.a.RequestMappingHandlerMapping - Mapped "{[/system/dict/list]}" onto public java.lang.Object com.fz.zf.web.system.SysDictController.list()
2020-10-13 16:29:05.421 logback [restartedMain] INFO  o.s.w.s.m.m.a.RequestMappingHandlerMapping - Mapped "{[/system/dict/edit],methods=[GET]}" onto public java.lang.String com.fz.zf.web.system.SysDictController.updateForm(java.lang.String,org.springframework.ui.ModelMap)
2020-10-13 16:29:05.422 logback [restartedMain] INFO  o.s.w.s.m.m.a.RequestMappingHandlerMapping - Mapped "{[/system/dict/dictTree],methods=[GET]}" onto public java.util.List<com.ex.framework.data.Record> com.fz.zf.web.system.SysDictController.parentMenuTree()
2020-10-13 16:29:05.422 logback [restartedMain] INFO  o.s.w.s.m.m.a.RequestMappingHandlerMapping - Mapped "{[/system/dict/add],methods=[GET]}" onto public java.lang.String com.fz.zf.web.system.SysDictController.createForm(org.springframework.ui.ModelMap)
2020-10-13 16:29:05.422 logback [restartedMain] INFO  o.s.w.s.m.m.a.RequestMappingHandlerMapping - Mapped "{[/system/loginlog],methods=[GET]}" onto public java.lang.String com.fz.zf.web.system.SysLoginLogController.index(org.springframework.ui.ModelMap)
2020-10-13 16:29:05.422 logback [restartedMain] INFO  o.s.w.s.m.m.a.RequestMappingHandlerMapping - Mapped "{[/system/loginlog/list],methods=[POST]}" onto public java.lang.Object com.fz.zf.web.system.SysLoginLogController.list(com.ex.framework.data.Record)
2020-10-13 16:29:05.422 logback [restartedMain] INFO  o.s.w.s.m.m.a.RequestMappingHandlerMapping - Mapped "{[/system/loginlog/showUser],methods=[GET]}" onto public java.lang.String com.fz.zf.web.system.SysLoginLogController.showUser(java.lang.String,org.springframework.ui.ModelMap)
2020-10-13 16:29:05.423 logback [restartedMain] INFO  o.s.w.s.m.m.a.RequestMappingHandlerMapping - Mapped "{[/system/role],methods=[GET]}" onto public java.lang.String com.fz.zf.web.system.SysRoleController.index(org.springframework.ui.ModelMap)
2020-10-13 16:29:05.424 logback [restartedMain] INFO  o.s.w.s.m.m.a.RequestMappingHandlerMapping - Mapped "{[/system/role/update],methods=[POST]}" onto public java.lang.Object com.fz.zf.web.system.SysRoleController.update(com.fz.zf.model.SysRole)
2020-10-13 16:29:05.424 logback [restartedMain] INFO  o.s.w.s.m.m.a.RequestMappingHandlerMapping - Mapped "{[/system/role/delete],methods=[POST]}" onto public java.lang.Object com.fz.zf.web.system.SysRoleController.delete(java.lang.String)
2020-10-13 16:29:05.424 logback [restartedMain] INFO  o.s.w.s.m.m.a.RequestMappingHandlerMapping - Mapped "{[/system/role/create],methods=[POST]}" onto public java.lang.Object com.fz.zf.web.system.SysRoleController.create(com.fz.zf.model.SysRole)
2020-10-13 16:29:05.424 logback [restartedMain] INFO  o.s.w.s.m.m.a.RequestMappingHandlerMapping - Mapped "{[/system/role/list],methods=[POST]}" onto public java.lang.Object com.fz.zf.web.system.SysRoleController.list(com.ex.framework.data.Record)
2020-10-13 16:29:05.424 logback [restartedMain] INFO  o.s.w.s.m.m.a.RequestMappingHandlerMapping - Mapped "{[/system/role/edit],methods=[GET]}" onto public java.lang.String com.fz.zf.web.system.SysRoleController.updateForm(java.lang.String,org.springframework.ui.ModelMap)
2020-10-13 16:29:05.424 logback [restartedMain] INFO  o.s.w.s.m.m.a.RequestMappingHandlerMapping - Mapped "{[/system/role/menuTree],methods=[GET]}" onto public java.util.List<com.ex.framework.data.Record> com.fz.zf.web.system.SysRoleController.menuTree(java.lang.String)
2020-10-13 16:29:05.424 logback [restartedMain] INFO  o.s.w.s.m.m.a.RequestMappingHandlerMapping - Mapped "{[/system/role/add],methods=[GET]}" onto public java.lang.String com.fz.zf.web.system.SysRoleController.createForm(org.springframework.ui.ModelMap)
2020-10-13 16:29:05.424 logback [restartedMain] INFO  o.s.w.s.m.m.a.RequestMappingHandlerMapping - Mapped "{[/system/role/updateRoleAuth],methods=[GET]}" onto public com.fz.zf.util.ApiResult com.fz.zf.web.system.SysRoleController.updateRoleAuth(java.lang.String,java.lang.String)
2020-10-13 16:29:05.424 logback [restartedMain] INFO  o.s.w.s.m.m.a.RequestMappingHandlerMapping - Mapped "{[/system/role/perm],methods=[GET]}" onto public java.lang.String com.fz.zf.web.system.SysRoleController.permForm(java.lang.String,org.springframework.ui.ModelMap)
2020-10-13 16:29:05.426 logback [restartedMain] INFO  o.s.w.s.m.m.a.RequestMappingHandlerMapping - Mapped "{[/swagger-resources/configuration/security]}" onto public org.springframework.http.ResponseEntity<springfox.documentation.swagger.web.SecurityConfiguration> springfox.documentation.swagger.web.ApiResourceController.securityConfiguration()
2020-10-13 16:29:05.427 logback [restartedMain] INFO  o.s.w.s.m.m.a.RequestMappingHandlerMapping - Mapped "{[/swagger-resources/configuration/ui]}" onto public org.springframework.http.ResponseEntity<springfox.documentation.swagger.web.UiConfiguration> springfox.documentation.swagger.web.ApiResourceController.uiConfiguration()
2020-10-13 16:29:05.427 logback [restartedMain] INFO  o.s.w.s.m.m.a.RequestMappingHandlerMapping - Mapped "{[/swagger-resources]}" onto public org.springframework.http.ResponseEntity<java.util.List<springfox.documentation.swagger.web.SwaggerResource>> springfox.documentation.swagger.web.ApiResourceController.swaggerResources()
2020-10-13 16:29:05.430 logback [restartedMain] INFO  o.s.w.s.m.m.a.RequestMappingHandlerMapping - Mapped "{[/v2/api-docs-ext],methods=[GET],produces=[application/json || application/hal+json]}" onto public org.springframework.http.ResponseEntity<springfox.documentation.spring.web.json.Json> com.github.xiaoymin.knife4j.spring.web.Knife4jController.apiSorts(java.lang.String,javax.servlet.http.HttpServletRequest)
2020-10-13 16:29:05.431 logback [restartedMain] INFO  o.s.w.s.m.m.a.RequestMappingHandlerMapping - Mapped "{[/error]}" onto public org.springframework.http.ResponseEntity<java.util.Map<java.lang.String, java.lang.Object>> org.springframework.boot.autoconfigure.web.servlet.error.BasicErrorController.error(javax.servlet.http.HttpServletRequest)
2020-10-13 16:29:05.432 logback [restartedMain] INFO  o.s.w.s.m.m.a.RequestMappingHandlerMapping - Mapped "{[/error],produces=[text/html]}" onto public org.springframework.web.servlet.ModelAndView org.springframework.boot.autoconfigure.web.servlet.error.BasicErrorController.errorHtml(javax.servlet.http.HttpServletRequest,javax.servlet.http.HttpServletResponse)
2020-10-13 16:29:05.628 logback [restartedMain] INFO  s.d.s.w.PropertySourcedRequestMappingHandlerMapping - Mapped URL path [/v2/api-docs] onto method [public org.springframework.http.ResponseEntity<springfox.documentation.spring.web.json.Json> springfox.documentation.swagger2.web.Swagger2Controller.getDocumentation(java.lang.String,javax.servlet.http.HttpServletRequest)]
2020-10-13 16:29:05.752 logback [restartedMain] INFO  o.s.w.s.h.SimpleUrlHandlerMapping - Mapped URL path [/**/favicon.ico] onto handler of type [class org.springframework.web.servlet.resource.ResourceHttpRequestHandler]
2020-10-13 16:29:05.864 logback [restartedMain] INFO  o.s.w.s.m.m.a.RequestMappingHandlerAdapter - Looking for @ControllerAdvice: org.springframework.boot.web.servlet.context.AnnotationConfigServletWebServerApplicationContext@3dc1de1f: startup date [Tue Oct 13 16:28:58 CST 2020]; root of context hierarchy
2020-10-13 16:29:05.904 logback [restartedMain] INFO  o.s.w.s.h.SimpleUrlHandlerMapping - Mapped URL path [/webjars/**] onto handler of type [class org.springframework.web.servlet.resource.ResourceHttpRequestHandler]
2020-10-13 16:29:05.904 logback [restartedMain] INFO  o.s.w.s.h.SimpleUrlHandlerMapping - Mapped URL path [/**] onto handler of type [class org.springframework.web.servlet.resource.ResourceHttpRequestHandler]
2020-10-13 16:29:05.904 logback [restartedMain] INFO  o.s.w.s.h.SimpleUrlHandlerMapping - Mapped URL path [/download/**] onto handler of type [class org.springframework.web.servlet.resource.ResourceHttpRequestHandler]
2020-10-13 16:29:05.915 logback [restartedMain] INFO  o.s.w.s.m.m.a.ExceptionHandlerExceptionResolver - Detected @ExceptionHandler methods in globalExceptionHandler
2020-10-13 16:29:05.915 logback [restartedMain] INFO  o.s.w.s.m.m.a.ExceptionHandlerExceptionResolver - Detected @ExceptionHandler methods in appExceptionHandler
2020-10-13 16:29:05.973 logback [restartedMain] INFO  o.s.b.a.w.s.WelcomePageHandlerMapping - Adding welcome page template: index
2020-10-13 16:29:06.104 logback [restartedMain] DEBUG o.s.b.a.SpringApplicationAdminMXBeanRegistrar$SpringApplicationAdmin - Application Admin MBean registered with name 'org.springframework.boot:type=Admin,name=SpringApplication'
2020-10-13 16:29:06.397 logback [restartedMain] INFO  o.s.w.s.v.f.FreeMarkerConfigurer - ClassTemplateLoader for Spring macros added to FreeMarker configuration
2020-10-13 16:29:06.908 logback [restartedMain] DEBUG o.s.b.d.livereload.LiveReloadServer - Starting live reload server on port 35729
2020-10-13 16:29:06.909 logback [restartedMain] INFO  o.s.b.d.a.OptionalLiveReloadServer - LiveReload server is running on port 35729
2020-10-13 16:29:06.972 logback [restartedMain] INFO  o.s.j.e.a.AnnotationMBeanExporter - Registering beans for JMX exposure on startup
2020-10-13 16:29:06.973 logback [restartedMain] INFO  o.s.j.e.a.AnnotationMBeanExporter - Bean with name 'dataSource' has been autodetected for JMX exposure
2020-10-13 16:29:06.979 logback [restartedMain] INFO  o.s.j.e.a.AnnotationMBeanExporter - Bean with name 'rabbitConnectionFactory' has been autodetected for JMX exposure
2020-10-13 16:29:06.981 logback [restartedMain] INFO  o.s.j.e.a.AnnotationMBeanExporter - Located MBean 'dataSource': registering with JMX server as MBean [com.zaxxer.hikari:name=dataSource,type=HikariDataSource]
2020-10-13 16:29:06.982 logback [restartedMain] INFO  o.s.j.e.a.AnnotationMBeanExporter - Located managed bean 'rabbitConnectionFactory': registering with JMX server as MBean [org.springframework.amqp.rabbit.connection:name=rabbitConnectionFactory,type=CachingConnectionFactory]
2020-10-13 16:29:07.008 logback [restartedMain] DEBUG o.s.b.w.s.c.AnnotationConfigServletWebServerApplicationContext - Unable to locate LifecycleProcessor with name 'lifecycleProcessor': using default [org.springframework.context.support.DefaultLifecycleProcessor@57ba418e]
2020-10-13 16:29:07.015 logback [restartedMain] INFO  o.s.c.s.DefaultLifecycleProcessor - Starting beans in phase 2147483647
2020-10-13 16:29:07.015 logback [restartedMain] INFO  s.d.s.w.p.DocumentationPluginsBootstrapper - Context refreshed
2020-10-13 16:29:07.046 logback [restartedMain] INFO  s.d.s.w.p.DocumentationPluginsBootstrapper - Found 1 custom documentation plugin(s)
2020-10-13 16:29:07.070 logback [restartedMain] INFO  s.d.s.w.s.ApiListingReferenceScanner - Scanning for api listing references
2020-10-13 16:29:07.233 logback [restartedMain] INFO  s.d.s.w.r.o.CachingOperationNameGenerator - Generating unique operation named: loginUsingPOST_1
2020-10-13 16:29:07.235 logback [restartedMain] WARN  s.d.s.w.r.p.ParameterDataTypeReader - Trying to infer dataType org.springframework.ui.ModelMap
2020-10-13 16:29:07.240 logback [restartedMain] INFO  s.d.s.w.r.o.CachingOperationNameGenerator - Generating unique operation named: loginUsingPOST_2
2020-10-13 16:29:07.240 logback [restartedMain] INFO  s.d.s.w.r.o.CachingOperationNameGenerator - Generating unique operation named: loginUsingGET_1
2020-10-13 16:29:07.241 logback [restartedMain] WARN  s.d.s.w.r.p.ParameterDataTypeReader - Trying to infer dataType org.springframework.ui.ModelMap
2020-10-13 16:29:07.242 logback [restartedMain] WARN  s.d.s.w.r.p.ParameterDataTypeReader - Trying to infer dataType org.springframework.ui.ModelMap
2020-10-13 16:29:07.243 logback [restartedMain] WARN  s.d.s.w.r.p.ParameterDataTypeReader - Trying to infer dataType org.springframework.ui.ModelMap
2020-10-13 16:29:07.243 logback [restartedMain] WARN  s.d.s.w.r.p.ParameterDataTypeReader - Trying to infer dataType org.springframework.ui.ModelMap
2020-10-13 16:29:07.244 logback [restartedMain] WARN  s.d.s.w.r.p.ParameterDataTypeReader - Trying to infer dataType org.springframework.ui.ModelMap
2020-10-13 16:29:07.244 logback [restartedMain] WARN  s.d.s.w.r.p.ParameterDataTypeReader - Trying to infer dataType org.springframework.ui.ModelMap
2020-10-13 16:29:07.244 logback [restartedMain] WARN  s.d.s.w.r.p.ParameterDataTypeReader - Trying to infer dataType org.springframework.ui.ModelMap
2020-10-13 16:29:07.245 logback [restartedMain] WARN  s.d.s.w.r.p.ParameterDataTypeReader - Trying to infer dataType org.springframework.ui.ModelMap
2020-10-13 16:29:07.245 logback [restartedMain] WARN  s.d.s.w.r.p.ParameterDataTypeReader - Trying to infer dataType org.springframework.ui.ModelMap
2020-10-13 16:29:07.248 logback [restartedMain] WARN  s.d.s.w.r.p.ParameterDataTypeReader - Trying to infer dataType org.springframework.ui.ModelMap
2020-10-13 16:29:07.249 logback [restartedMain] WARN  s.d.s.w.r.p.ParameterDataTypeReader - Trying to infer dataType org.springframework.ui.ModelMap
2020-10-13 16:29:07.249 logback [restartedMain] WARN  s.d.s.w.r.p.ParameterDataTypeReader - Trying to infer dataType org.springframework.ui.ModelMap
2020-10-13 16:29:07.250 logback [restartedMain] WARN  s.d.s.w.r.p.ParameterDataTypeReader - Trying to infer dataType org.springframework.ui.ModelMap
2020-10-13 16:29:07.250 logback [restartedMain] WARN  s.d.s.w.r.p.ParameterDataTypeReader - Trying to infer dataType org.springframework.ui.ModelMap
2020-10-13 16:29:07.250 logback [restartedMain] WARN  s.d.s.w.r.p.ParameterDataTypeReader - Trying to infer dataType org.springframework.ui.ModelMap
2020-10-13 16:29:07.251 logback [restartedMain] WARN  s.d.s.w.r.p.ParameterDataTypeReader - Trying to infer dataType org.springframework.ui.ModelMap
2020-10-13 16:29:07.251 logback [restartedMain] WARN  s.d.s.w.r.p.ParameterDataTypeReader - Trying to infer dataType org.springframework.ui.ModelMap
2020-10-13 16:29:07.253 logback [restartedMain] WARN  s.d.s.w.r.p.ParameterDataTypeReader - Trying to infer dataType org.springframework.ui.ModelMap
2020-10-13 16:29:07.266 logback [restartedMain] WARN  s.d.s.w.r.p.ParameterDataTypeReader - Trying to infer dataType org.springframework.ui.ModelMap
2020-10-13 16:29:07.267 logback [restartedMain] WARN  s.d.s.w.r.p.ParameterDataTypeReader - Trying to infer dataType org.springframework.ui.ModelMap
2020-10-13 16:29:07.267 logback [restartedMain] INFO  s.d.s.w.r.o.CachingOperationNameGenerator - Generating unique operation named: indexUsingGET_1
2020-10-13 16:29:07.309 logback [restartedMain] INFO  s.d.s.w.r.o.CachingOperationNameGenerator - Generating unique operation named: createUsingPOST_1
2020-10-13 16:29:07.309 logback [restartedMain] WARN  s.d.s.w.r.p.ParameterDataTypeReader - Trying to infer dataType org.springframework.ui.ModelMap
2020-10-13 16:29:07.311 logback [restartedMain] WARN  s.d.s.w.r.p.ParameterDataTypeReader - Trying to infer dataType org.springframework.ui.ModelMap
2020-10-13 16:29:07.312 logback [restartedMain] WARN  s.d.s.w.r.p.ParameterDataTypeReader - Trying to infer dataType org.springframework.ui.ModelMap
2020-10-13 16:29:07.312 logback [restartedMain] WARN  s.d.s.w.r.p.ParameterDataTypeReader - Trying to infer dataType org.springframework.ui.ModelMap
2020-10-13 16:29:07.313 logback [restartedMain] WARN  s.d.s.w.r.p.ParameterDataTypeReader - Trying to infer dataType org.springframework.ui.ModelMap
2020-10-13 16:29:07.313 logback [restartedMain] WARN  s.d.s.w.r.p.ParameterDataTypeReader - Trying to infer dataType org.springframework.ui.ModelMap
2020-10-13 16:29:07.314 logback [restartedMain] WARN  s.d.s.w.r.p.ParameterDataTypeReader - Trying to infer dataType org.springframework.ui.ModelMap
2020-10-13 16:29:07.314 logback [restartedMain] WARN  s.d.s.w.r.p.ParameterDataTypeReader - Trying to infer dataType org.springframework.ui.ModelMap
2020-10-13 16:29:07.315 logback [restartedMain] WARN  s.d.s.w.r.p.ParameterDataTypeReader - Trying to infer dataType org.springframework.ui.ModelMap
2020-10-13 16:29:07.321 logback [restartedMain] WARN  s.d.s.w.r.p.ParameterDataTypeReader - Trying to infer dataType org.springframework.ui.ModelMap
2020-10-13 16:29:07.321 logback [restartedMain] WARN  s.d.s.w.r.p.ParameterDataTypeReader - Trying to infer dataType org.springframework.ui.ModelMap
2020-10-13 16:29:07.322 logback [restartedMain] WARN  s.d.s.w.r.p.ParameterDataTypeReader - Trying to infer dataType org.springframework.ui.ModelMap
2020-10-13 16:29:07.322 logback [restartedMain] WARN  s.d.s.w.r.p.ParameterDataTypeReader - Trying to infer dataType org.springframework.ui.ModelMap
2020-10-13 16:29:07.322 logback [restartedMain] WARN  s.d.s.w.r.p.ParameterDataTypeReader - Trying to infer dataType org.springframework.ui.ModelMap
2020-10-13 16:29:07.323 logback [restartedMain] WARN  s.d.s.w.r.p.ParameterDataTypeReader - Trying to infer dataType org.springframework.ui.ModelMap
2020-10-13 16:29:07.323 logback [restartedMain] WARN  s.d.s.w.r.p.ParameterDataTypeReader - Trying to infer dataType org.springframework.ui.ModelMap
2020-10-13 16:29:07.324 logback [restartedMain] WARN  s.d.s.w.r.p.ParameterDataTypeReader - Trying to infer dataType org.springframework.ui.ModelMap
2020-10-13 16:29:07.324 logback [restartedMain] WARN  s.d.s.w.r.p.ParameterDataTypeReader - Trying to infer dataType org.springframework.ui.ModelMap
2020-10-13 16:29:07.324 logback [restartedMain] INFO  s.d.s.w.r.o.CachingOperationNameGenerator - Generating unique operation named: indexUsingGET_2
2020-10-13 16:29:07.325 logback [restartedMain] WARN  s.d.s.w.r.p.ParameterDataTypeReader - Trying to infer dataType org.springframework.ui.ModelMap
2020-10-13 16:29:07.326 logback [restartedMain] INFO  s.d.s.w.r.o.CachingOperationNameGenerator - Generating unique operation named: listUsingPOST_1
2020-10-13 16:29:07.341 logback [restartedMain] WARN  s.d.s.w.r.p.ParameterDataTypeReader - Trying to infer dataType org.springframework.ui.ModelMap
2020-10-13 16:29:07.344 logback [restartedMain] INFO  s.d.s.w.r.o.CachingOperationNameGenerator - Generating unique operation named: updateUsingPOST_1
2020-10-13 16:29:07.345 logback [restartedMain] WARN  s.d.s.w.r.p.ParameterDataTypeReader - Trying to infer dataType org.springframework.ui.ModelMap
2020-10-13 16:29:07.352 logback [restartedMain] INFO  s.d.s.w.r.o.CachingOperationNameGenerator - Generating unique operation named: createUsingPOST_2
2020-10-13 16:29:07.352 logback [restartedMain] WARN  s.d.s.w.r.p.ParameterDataTypeReader - Trying to infer dataType org.springframework.ui.ModelMap
2020-10-13 16:29:07.353 logback [restartedMain] INFO  s.d.s.w.r.o.CachingOperationNameGenerator - Generating unique operation named: createFormUsingGET_1
2020-10-13 16:29:07.353 logback [restartedMain] INFO  s.d.s.w.r.o.CachingOperationNameGenerator - Generating unique operation named: deleteUsingPOST_1
2020-10-13 16:29:07.354 logback [restartedMain] WARN  s.d.s.w.r.p.ParameterDataTypeReader - Trying to infer dataType org.springframework.ui.ModelMap
2020-10-13 16:29:07.354 logback [restartedMain] INFO  s.d.s.w.r.o.CachingOperationNameGenerator - Generating unique operation named: indexUsingGET_3
2020-10-13 16:29:07.354 logback [restartedMain] INFO  s.d.s.w.r.o.CachingOperationNameGenerator - Generating unique operation named: listUsingGET_1
2020-10-13 16:29:07.355 logback [restartedMain] INFO  s.d.s.w.r.o.CachingOperationNameGenerator - Generating unique operation named: listUsingHEAD_1
2020-10-13 16:29:07.355 logback [restartedMain] INFO  s.d.s.w.r.o.CachingOperationNameGenerator - Generating unique operation named: listUsingPOST_2
2020-10-13 16:29:07.355 logback [restartedMain] INFO  s.d.s.w.r.o.CachingOperationNameGenerator - Generating unique operation named: listUsingPUT_1
2020-10-13 16:29:07.355 logback [restartedMain] INFO  s.d.s.w.r.o.CachingOperationNameGenerator - Generating unique operation named: listUsingPATCH_1
2020-10-13 16:29:07.356 logback [restartedMain] INFO  s.d.s.w.r.o.CachingOperationNameGenerator - Generating unique operation named: listUsingDELETE_1
2020-10-13 16:29:07.356 logback [restartedMain] INFO  s.d.s.w.r.o.CachingOperationNameGenerator - Generating unique operation named: listUsingOPTIONS_1
2020-10-13 16:29:07.356 logback [restartedMain] INFO  s.d.s.w.r.o.CachingOperationNameGenerator - Generating unique operation named: listUsingTRACE_1
2020-10-13 16:29:07.357 logback [restartedMain] INFO  s.d.s.w.r.o.CachingOperationNameGenerator - Generating unique operation named: parentMenuTreeUsingGET_1
2020-10-13 16:29:07.358 logback [restartedMain] INFO  s.d.s.w.r.o.CachingOperationNameGenerator - Generating unique operation named: updateUsingPOST_2
2020-10-13 16:29:07.359 logback [restartedMain] WARN  s.d.s.w.r.p.ParameterDataTypeReader - Trying to infer dataType org.springframework.ui.ModelMap
2020-10-13 16:29:07.359 logback [restartedMain] INFO  s.d.s.w.r.o.CachingOperationNameGenerator - Generating unique operation named: updateFormUsingGET_1
2020-10-13 16:29:07.359 logback [restartedMain] WARN  s.d.s.w.r.p.ParameterDataTypeReader - Trying to infer dataType org.springframework.ui.ModelMap
2020-10-13 16:29:07.360 logback [restartedMain] INFO  s.d.s.w.r.o.CachingOperationNameGenerator - Generating unique operation named: indexUsingGET_4
2020-10-13 16:29:07.361 logback [restartedMain] INFO  s.d.s.w.r.o.CachingOperationNameGenerator - Generating unique operation named: listUsingPOST_3
2020-10-13 16:29:07.361 logback [restartedMain] WARN  s.d.s.w.r.p.ParameterDataTypeReader - Trying to infer dataType org.springframework.ui.ModelMap
2020-10-13 16:29:07.364 logback [restartedMain] INFO  s.d.s.w.r.o.CachingOperationNameGenerator - Generating unique operation named: createUsingPOST_3
2020-10-13 16:29:07.364 logback [restartedMain] WARN  s.d.s.w.r.p.ParameterDataTypeReader - Trying to infer dataType org.springframework.ui.ModelMap
2020-10-13 16:29:07.365 logback [restartedMain] INFO  s.d.s.w.r.o.CachingOperationNameGenerator - Generating unique operation named: createFormUsingGET_2
2020-10-13 16:29:07.365 logback [restartedMain] INFO  s.d.s.w.r.o.CachingOperationNameGenerator - Generating unique operation named: deleteUsingPOST_2
2020-10-13 16:29:07.365 logback [restartedMain] WARN  s.d.s.w.r.p.ParameterDataTypeReader - Trying to infer dataType org.springframework.ui.ModelMap
2020-10-13 16:29:07.366 logback [restartedMain] INFO  s.d.s.w.r.o.CachingOperationNameGenerator - Generating unique operation named: indexUsingGET_5
2020-10-13 16:29:07.367 logback [restartedMain] INFO  s.d.s.w.r.o.CachingOperationNameGenerator - Generating unique operation named: listUsingPOST_4
2020-10-13 16:29:07.368 logback [restartedMain] WARN  s.d.s.w.r.p.ParameterDataTypeReader - Trying to infer dataType org.springframework.ui.ModelMap
2020-10-13 16:29:07.369 logback [restartedMain] INFO  s.d.s.w.r.o.CachingOperationNameGenerator - Generating unique operation named: updateUsingPOST_3
2020-10-13 16:29:07.369 logback [restartedMain] WARN  s.d.s.w.r.p.ParameterDataTypeReader - Trying to infer dataType org.springframework.ui.ModelMap
2020-10-13 16:29:07.369 logback [restartedMain] INFO  s.d.s.w.r.o.CachingOperationNameGenerator - Generating unique operation named: updateFormUsingGET_2
2020-10-13 16:29:07.404 logback [restartedMain] INFO  o.a.coyote.http11.Http11NioProtocol - Starting ProtocolHandler ["http-nio-9999"]
2020-10-13 16:29:07.411 logback [restartedMain] INFO  o.a.tomcat.util.net.NioSelectorPool - Using a shared selector for servlet write/read
2020-10-13 16:29:07.425 logback [restartedMain] INFO  o.s.b.w.e.tomcat.TomcatWebServer - Tomcat started on port(s): 9999 (http) with context path ''
2020-10-13 16:29:07.428 logback [restartedMain] INFO  com.fz.zf.BootZfApplication - Started BootZfApplication in 9.684 seconds (JVM running for 12.267)
2020-10-13 16:29:07.430 logback [restartedMain] DEBUG o.s.boot.devtools.restart.Restarter - Creating new Restarter for thread Thread[main,5,main]
2020-10-13 16:29:07.430 logback [restartedMain] DEBUG o.s.boot.devtools.restart.Restarter - Immediately restarting application
2020-10-13 16:29:07.430 logback [restartedMain] DEBUG o.s.boot.devtools.restart.Restarter - Created RestartClassLoader org.springframework.boot.devtools.restart.classloader.RestartClassLoader@3068ba75
2020-10-13 16:29:07.430 logback [restartedMain] DEBUG o.s.boot.devtools.restart.Restarter - Starting application com.fz.zf.BootZfApplication with URLs [file:/D:/mywork/code2/boot-zf/target/classes/]
2020-10-13 16:29:09.950 logback [http-nio-9999-exec-1] INFO  o.a.c.c.C.[Tomcat].[localhost].[/] - Initializing Spring FrameworkServlet 'dispatcherServlet'
2020-10-13 16:29:09.950 logback [http-nio-9999-exec-1] INFO  o.s.web.servlet.DispatcherServlet - FrameworkServlet 'dispatcherServlet': initialization started
2020-10-13 16:29:09.964 logback [http-nio-9999-exec-1] INFO  o.s.web.servlet.DispatcherServlet - FrameworkServlet 'dispatcherServlet': initialization completed in 14 ms
2020-10-13 16:29:09.969 logback [http-nio-9999-exec-1] DEBUG o.s.b.w.s.f.OrderedRequestContextFilter - Bound request context to thread: org.apache.catalina.connector.RequestFacade@69644296
2020-10-13 16:29:10.705 logback [http-nio-9999-exec-1] DEBUG o.s.b.w.s.f.OrderedRequestContextFilter - Cleared thread-bound request context: org.apache.catalina.connector.RequestFacade@69644296
2020-10-13 17:04:05.093 logback [http-nio-9999-exec-6] DEBUG o.s.b.w.s.f.OrderedRequestContextFilter - Bound request context to thread: org.apache.catalina.connector.RequestFacade@69644296
2020-10-13 17:04:06.449 logback [http-nio-9999-exec-6] DEBUG o.s.b.w.s.f.OrderedRequestContextFilter - Cleared thread-bound request context: org.apache.catalina.connector.RequestFacade@69644296
2020-10-13 17:08:35.183 logback [http-nio-9999-exec-5] DEBUG o.s.b.w.s.f.OrderedRequestContextFilter - Bound request context to thread: org.apache.catalina.connector.RequestFacade@69644296
2020-10-13 17:08:35.343 logback [http-nio-9999-exec-5] DEBUG o.s.b.w.s.f.OrderedRequestContextFilter - Cleared thread-bound request context: org.apache.catalina.connector.RequestFacade@69644296
2020-10-13 17:17:31.151 logback [http-nio-9999-exec-7] DEBUG o.s.b.w.s.f.OrderedRequestContextFilter - Bound request context to thread: org.apache.catalina.connector.RequestFacade@69644296
2020-10-13 17:17:31.316 logback [http-nio-9999-exec-7] DEBUG o.s.b.w.s.f.OrderedRequestContextFilter - Cleared thread-bound request context: org.apache.catalina.connector.RequestFacade@69644296
2020-10-13 17:21:52.195 logback [http-nio-9999-exec-4] DEBUG o.s.b.w.s.f.OrderedRequestContextFilter - Bound request context to thread: org.apache.catalina.connector.RequestFacade@69644296
2020-10-13 17:21:52.337 logback [http-nio-9999-exec-4] DEBUG o.s.b.w.s.f.OrderedRequestContextFilter - Cleared thread-bound request context: org.apache.catalina.connector.RequestFacade@69644296
2020-10-13 17:23:18.668 logback [http-nio-9999-exec-1] DEBUG o.s.b.w.s.f.OrderedRequestContextFilter - Bound request context to thread: org.apache.catalina.connector.RequestFacade@69644296
2020-10-13 17:23:18.774 logback [http-nio-9999-exec-1] DEBUG o.s.b.w.s.f.OrderedRequestContextFilter - Cleared thread-bound request context: org.apache.catalina.connector.RequestFacade@69644296
2020-10-13 17:24:32.497 logback [http-nio-9999-exec-6] DEBUG o.s.b.w.s.f.OrderedRequestContextFilter - Bound request context to thread: org.apache.catalina.connector.RequestFacade@69644296
2020-10-13 17:24:32.514 logback [http-nio-9999-exec-6] DEBUG o.s.b.w.s.f.OrderedRequestContextFilter - Cleared thread-bound request context: org.apache.catalina.connector.RequestFacade@69644296
2020-10-13 17:34:45.373 logback [http-nio-9999-exec-5] DEBUG o.s.b.w.s.f.OrderedRequestContextFilter - Bound request context to thread: org.apache.catalina.connector.RequestFacade@69644296
2020-10-13 17:34:45.712 logback [http-nio-9999-exec-5] DEBUG o.s.b.w.s.f.OrderedRequestContextFilter - Cleared thread-bound request context: org.apache.catalina.connector.RequestFacade@69644296
2020-10-13 18:09:38.702 logback [http-nio-9999-exec-7] DEBUG o.s.b.w.s.f.OrderedRequestContextFilter - Bound request context to thread: org.apache.catalina.connector.RequestFacade@69644296
2020-10-13 18:09:39.803 logback [http-nio-9999-exec-7] DEBUG o.s.b.w.s.f.OrderedRequestContextFilter - Cleared thread-bound request context: org.apache.catalina.connector.RequestFacade@69644296
2020-10-13 18:12:52.537 logback [http-nio-9999-exec-4] DEBUG o.s.b.w.s.f.OrderedRequestContextFilter - Bound request context to thread: org.apache.catalina.connector.RequestFacade@69644296
2020-10-13 18:12:52.734 logback [http-nio-9999-exec-4] DEBUG o.s.b.w.s.f.OrderedRequestContextFilter - Cleared thread-bound request context: org.apache.catalina.connector.RequestFacade@69644296
2020-10-13 18:13:08.303 logback [Thread-29] INFO  o.s.b.w.s.c.AnnotationConfigServletWebServerApplicationContext - Closing org.springframework.boot.web.servlet.context.AnnotationConfigServletWebServerApplicationContext@3dc1de1f: startup date [Tue Oct 13 16:28:58 CST 2020]; root of context hierarchy
2020-10-13 18:13:10.529 logback [Thread-29] INFO  o.s.c.s.DefaultLifecycleProcessor - Stopping beans in phase 2147483647
2020-10-13 18:13:10.592 logback [Thread-29] INFO  o.s.c.s.DefaultLifecycleProcessor - Stopping beans in phase 0
2020-10-13 18:13:11.698 logback [Thread-29] INFO  o.s.j.e.a.AnnotationMBeanExporter - Unregistering JMX-exposed beans on shutdown
2020-10-13 18:13:11.714 logback [Thread-29] INFO  o.s.j.e.a.AnnotationMBeanExporter - Unregistering JMX-exposed beans
2020-10-13 18:13:11.809 logback [Thread-29] INFO  com.zaxxer.hikari.HikariDataSource - HikariPool-1 - Shutdown initiated...
2020-10-13 18:13:11.878 logback [Thread-29] INFO  com.zaxxer.hikari.HikariDataSource - HikariPool-1 - Shutdown completed.
